<?xml version="1.0" encoding="UTF-8"?>
<!-- Generated by org.testng.reporters.JUnitReportReporter -->
<testsuite hostname="DESKTOP-3BVFOOV" failures="0" tests="1" name="testng.SecondClass" time="0.006" errors="0" timestamp="2021-04-12T11:30:33 IST" skipped="0">
  <testcase classname="testng.SecondClass" name="secondClassMethod" time="0.006"/>
  <system-out/>
</testsuite> <!-- testng.SecondClass -->
